2020.09.26 20:01:09 INFO  started: Metals version 0.9.4 in workspace '/home/abhinov/workspace/TEST APPS/scala-play-angular-seed' for client vscode.
2020.09.26 20:01:10 INFO  time: initialize in 1.26s
2020.09.26 20:02:27 INFO  no build target: using presentation compiler with only scala-library
2020.09.26 20:02:27 WARN  no build target for: /home/abhinov/workspace/TEST APPS/scala-play-angular-seed/app/controllers/FrontendController.scala
Sep 26, 2020 8:02:28 PM org.eclipse.lsp4j.jsonrpc.RemoteEndpoint handleCancellation
WARNING: Unmatched cancel notification for request id 1
2020.09.26 20:09:19 INFO  shutting down Metals
2020.09.26 20:09:54 INFO  started: Metals version 0.9.4 in workspace '/home/abhinov/workspace/TEST APPS/scala-play-angular-seed' for client vscode.
2020.09.26 20:09:56 INFO  time: initialize in 2s
2020.09.26 20:10:00 INFO  skipping build import with status 'Requested'
2020.09.26 20:25:17 INFO  shutting down Metals
2020.09.29 09:16:03 INFO  started: Metals version 0.9.4 in workspace '/home/abhinov/workspace/TEST APPS/scala-play-angular-seed' for client vscode.
2020.09.29 09:16:05 INFO  time: initialize in 1.79s
2020.09.29 09:16:09 INFO  skipping build import with status 'Requested'
2020.09.29 09:27:25 INFO  no build target: using presentation compiler with only scala-library
2020.09.29 09:29:18 INFO  shutting down Metals
2020.09.29 09:29:42 INFO  started: Metals version 0.9.4 in workspace '/home/abhinov/workspace/TEST APPS/scala-play-angular-seed' for client vscode.
2020.09.29 09:29:45 INFO  time: initialize in 2.51s
2020.09.29 09:29:48 INFO  skipping build import with status 'Requested'
2020.09.29 09:29:52 INFO  no build target: using presentation compiler with only scala-library
2020.09.29 09:55:40 INFO  shutting down Metals
